<?xml version="1.0" encoding="UTF-8"?>
<!-- Generated by org.testng.reporters.JUnitReportReporter -->
<testsuite hostname="5IE2Y60SLY0XSOP" name="kaoshi.login" tests="1" failures="0" timestamp="28 Feb 2019 06:09:38 GMT" time="26.646" errors="0">
  <testcase name="open" time="26.646" classname="kaoshi.login"/>
</testsuite> <!-- kaoshi.login -->
