<?xml version="1.0" encoding="UTF-8"?>
<!-- Generated by org.testng.reporters.JUnitReportReporter -->
<testsuite hostname="5IE2Y60SLY0XSOP" name="kaoshi.login" tests="1" failures="0" timestamp="5 Mar 2019 07:55:06 GMT" time="23.423" errors="0">
  <testcase name="open" time="23.423" classname="kaoshi.login"/>
</testsuite> <!-- kaoshi.login -->
