<?xml version="1.0" encoding="UTF-8"?>
<!-- Generated by org.testng.reporters.JUnitReportReporter -->
<testsuite hostname="5IE2Y60SLY0XSOP" name="com.testcase.logintestcase" tests="1" failures="0" timestamp="5 Mar 2019 07:55:06 GMT" time="20.338" errors="0">
  <testcase name="login" time="20.338" classname="com.testcase.logintestcase"/>
</testsuite> <!-- com.testcase.logintestcase -->
