<?xml version="1.0" encoding="UTF-8"?>
<!-- Generated by org.testng.reporters.JUnitReportReporter -->
<testsuite hostname="5IE2Y60SLY0XSOP" name="com.testcase.xztkTestcase" tests="1" failures="0" timestamp="5 Mar 2019 07:55:06 GMT" time="21.175" errors="0">
  <testcase name="test" time="21.175" classname="com.testcase.xztkTestcase"/>
</testsuite> <!-- com.testcase.xztkTestcase -->
